app/build/outputs/logs/manifest-merger-release-report.txt
-- Merging decision tree log ---
manifest
ADDED from src/main/AndroidManifest.xml:2:1-305:12
	package
		ADDED from src/main/AndroidManifest.xml:3:5-40
		INJECTED from src/main/AndroidManifest.xml
		INJECTED from src/main/AndroidManifest.xml
	android:versionName
		ADDED from src/main/AndroidManifest.xml:5:5-31
		INJECTED from src/main/AndroidManifest.xml
		INJECTED from src/main/AndroidManifest.xml
	android:versionCode
		ADDED from src/main/AndroidManifest.xml:4:5-29
		INJECTED from src/main/AndroidManifest.xml
		INJECTED from src/main/AndroidManifest.xml
	xmlns:android
		ADDED from src/main/AndroidManifest.xml:2:11-69
uses-sdk
ADDED from src/main/AndroidManifest.xml:7:5-8:47
MERGED from [com.google.android.gms:play-services:10.2.6] AndroidManifest.xml:4:5-43
MERGED from [com.google.android.gms:play-services-ads:10.2.6] AndroidManifest.xml:17:5-43
MERGED from [com.google.android.gms:play-services-ads-lite:10.2.6] AndroidManifest.xml:22:5-43
MERGED from [com.google.android.gms:play-services-analytics:10.2.6] AndroidManifest.xml:17:5-43
MERGED from [com.google.android.gms:play-services-appinvite:10.2.6] AndroidManifest.xml:17:5-43
MERGED from [com.google.android.gms:play-services-auth:10.2.6] AndroidManifest.xml:17:5-43
MERGED from [com.google.android.gms:play-services-auth-base:10.2.6] AndroidManifest.xml:4:5-43
MERGED from [com.google.android.gms:play-services-cast-framework:10.2.6] AndroidManifest.xml:3:5-43
MERGED from [com.google.android.gms:play-services-cast:10.2.6] AndroidManifest.xml:17:5-43
MERGED from [com.android.support:mediarouter-v7:25.2.0] AndroidManifest.xml:20:5-43
MERGED from [com.google.android.gms:play-services-clearcut:10.2.6] AndroidManifest.xml:17:5-43
MERGED from [com.google.firebase:firebase-config:10.2.6] AndroidManifest.xml:17:5-43
MERGED from [com.google.android.gms:play-services-awareness:10.2.6] AndroidManifest.xml:17:5-43
MERGED from [com.google.firebase:firebase-crash:10.2.6] AndroidManifest.xml:20:5-43
MERGED from [com.google.firebase:firebase-auth:10.2.6] AndroidManifest.xml:17:5-43
MERGED from [com.google.firebase:firebase-database:10.2.6] AndroidManifest.xml:3:5-43
MERGED from [com.google.firebase:firebase-database-connection:10.2.6] AndroidManifest.xml:3:5-43
MERGED from [com.google.firebase:firebase-storage:10.2.6] AndroidManifest.xml:3:5-43
MERGED from [com.google.firebase:firebase-storage-common:10.2.6] AndroidManifest.xml:3:5-43
MERGED from [com.google.android.gms:play-services-fitness:10.2.6] AndroidManifest.xml:17:5-43
MERGED from [com.google.android.gms:play-services-games:10.2.6] AndroidManifest.xml:17:5-43
MERGED from [com.google.android.gms:play-services-drive:10.2.6] AndroidManifest.xml:17:5-43
MERGED from [com.google.android.gms:play-services-gass:10.2.6] AndroidManifest.xml:3:5-43
MERGED from [com.google.firebase:firebase-appindexing:10.2.6] AndroidManifest.xml:17:5-43
MERGED from [com.google.android.gms:play-services-instantapps:10.2.6] AndroidManifest.xml:3:5-43
MERGED from [com.google.android.gms:play-services-location:10.2.6] AndroidManifest.xml:3:5-43
MERGED from [com.google.android.gms:play-services-nearby:10.2.6] AndroidManifest.xml:3:5-43
MERGED from [com.google.android.gms:play-services-panorama:10.2.6] AndroidManifest.xml:17:5-43
MERGED from [com.google.android.gms:play-services-places:10.2.6] AndroidManifest.xml:17:5-43
MERGED from [com.google.android.gms:play-services-plus:10.2.6] AndroidManifest.xml:17:5-43
MERGED from [com.google.android.gms:play-services-safetynet:10.2.6] AndroidManifest.xml:17:5-43
MERGED from [com.google.android.gms:play-services-tagmanager:10.2.6] AndroidManifest.xml:17:5-43
MERGED from [com.google.android.gms:play-services-tagmanager-api:10.2.6] AndroidManifest.xml:17:5-43
MERGED from [com.google.android.gms:play-services-tagmanager-v4-impl:10.2.6] AndroidManifest.xml:17:5-43
MERGED from [com.google.android.gms:play-services-analytics-impl:10.2.6] AndroidManifest.xml:17:5-43
MERGED from [com.google.android.gms:play-services-vision:10.2.6] AndroidManifest.xml:3:5-43
MERGED from [com.google.android.gms:play-services-wallet:10.2.6] AndroidManifest.xml:18:5-43
MERGED from [com.google.android.gms:play-services-identity:10.2.6] AndroidManifest.xml:17:5-43
MERGED from [com.google.android.gms:play-services-maps:10.2.6] AndroidManifest.xml:23:5-43
MERGED from [com.google.android.gms:play-services-wearable:10.2.6] AndroidManifest.xml:17:5-43
MERGED from [com.clevertap.android:clevertap-android-sdk:3.1.2] AndroidManifest.xml:7:5-9:41
MERGED from [com.google.android.gms:play-services-gcm:10.2.6] AndroidManifest.xml:17:5-43
MERGED from [com.google.android.gms:play-services-iid:10.2.6] AndroidManifest.xml:17:5-43
MERGED from [com.google.android.gms:play-services-base:10.2.6] AndroidManifest.xml:17:5-43
MERGED from [com.android.support:design:22.2.1] AndroidManifest.xml:20:5-43
MERGED from [com.android.support:appcompat-v7:25.2.0] AndroidManifest.xml:21:5-23:78
MERGED from [com.android.support:animated-vector-drawable:25.2.0] AndroidManifest.xml:20:5-44
MERGED from [com.android.support:support-vector-drawable:25.2.0] AndroidManifest.xml:21:5-43
MERGED from [com.android.support:cardview-v7:22.2.1] AndroidManifest.xml:20:5-43
MERGED from [com.android.support:palette-v7:25.2.0] AndroidManifest.xml:20:5-43
MERGED from [com.android.support:multidex:1.0.1] AndroidManifest.xml:18:5-42
MERGED from [com.google.firebase:firebase-messaging:10.2.6] AndroidManifest.xml:17:5-43
MERGED from [com.google.firebase:firebase-core:10.2.6] AndroidManifest.xml:4:5-43
MERGED from [com.google.firebase:firebase-analytics:10.2.6] AndroidManifest.xml:17:5-43
MERGED from [com.google.firebase:firebase-analytics-impl:10.2.6] AndroidManifest.xml:17:5-43
MERGED from [com.google.firebase:firebase-iid:10.2.6] AndroidManifest.xml:17:5-43
MERGED from [com.google.firebase:firebase-common:10.2.6] AndroidManifest.xml:3:5-43
MERGED from [com.google.android.gms:play-services-tasks:10.2.6] AndroidManifest.xml:3:5-43
MERGED from [com.google.android.gms:play-services-basement:10.2.6] AndroidManifest.xml:17:5-43
MERGED from [com.android.support:support-v4:25.2.0] AndroidManifest.xml:21:5-23:54
MERGED from [com.android.support:support-fragment:25.2.0] AndroidManifest.xml:21:5-23:60
MERGED from [com.android.support:support-media-compat:25.2.0] AndroidManifest.xml:21:5-23:63
MERGED from [com.android.support:support-core-ui:25.2.0] AndroidManifest.xml:21:5-23:58
MERGED from [com.android.support:support-core-utils:25.2.0] AndroidManifest.xml:21:5-23:61
MERGED from [com.android.support:support-compat:25.2.0] AndroidManifest.xml:21:5-23:58
	tools:overrideLibrary
		ADDED from [com.android.support:appcompat-v7:25.2.0] AndroidManifest.xml:23:9-75
	android:targetSdkVersion
		ADDED from src/main/AndroidManifest.xml:8:15-44
		INJECTED from src/main/AndroidManifest.xml
		INJECTED from src/main/AndroidManifest.xml
	android:minSdkVersion
		ADDED from src/main/AndroidManifest.xml:7:15-41
		INJECTED from src/main/AndroidManifest.xml
		INJECTED from src/main/AndroidManifest.xml
uses-permission#android.permission.CAMERA
ADDED from src/main/AndroidManifest.xml:10:5-65
	android:name
		ADDED from src/main/AndroidManifest.xml:10:22-62
uses-permission#android.permission.ACCESS_WIFI_STATE
ADDED from src/main/AndroidManifest.xml:11:5-75
	android:name
		ADDED from src/main/AndroidManifest.xml:11:22-73
uses-permission#android.permission.ACCESS_NETWORK_STATE
ADDED from src/main/AndroidManifest.xml:12:5-78
MERGED from [com.google.android.gms:play-services-ads-lite:10.2.6] AndroidManifest.xml:20:5-78
MERGED from [com.google.android.gms:play-services-analytics:10.2.6] AndroidManifest.xml:21:5-78
MERGED from [com.google.android.gms:play-services-nearby:10.2.6] AndroidManifest.xml:4:5-78
MERGED from [com.google.android.gms:play-services-tagmanager-api:10.2.6] AndroidManifest.xml:21:5-78
MERGED from [com.google.android.gms:play-services-analytics-impl:10.2.6] AndroidManifest.xml:21:5-78
MERGED from [com.google.android.gms:play-services-maps:10.2.6] AndroidManifest.xml:19:5-78
MERGED from [com.google.firebase:firebase-analytics:10.2.6] AndroidManifest.xml:21:5-78
MERGED from [com.google.firebase:firebase-analytics-impl:10.2.6] AndroidManifest.xml:21:5-78
MERGED from [com.google.firebase:firebase-iid:10.2.6] AndroidManifest.xml:19:5-78
	android:name
		ADDED from src/main/AndroidManifest.xml:12:22-76
uses-permission#android.permission.INTERNET
ADDED from src/main/AndroidManifest.xml:13:5-66
MERGED from [com.google.android.gms:play-services-ads-lite:10.2.6] AndroidManifest.xml:19:5-66
MERGED from [com.google.android.gms:play-services-analytics:10.2.6] AndroidManifest.xml:20:5-66
MERGED from [com.google.android.gms:play-services-appinvite:10.2.6] AndroidManifest.xml:18:5-66
MERGED from [com.google.firebase:firebase-crash:10.2.6] AndroidManifest.xml:18:5-66
MERGED from [com.google.android.gms:play-services-tagmanager-api:10.2.6] AndroidManifest.xml:20:5-66
MERGED from [com.google.android.gms:play-services-analytics-impl:10.2.6] AndroidManifest.xml:20:5-66
MERGED from [com.google.android.gms:play-services-maps:10.2.6] AndroidManifest.xml:20:5-66
MERGED from [com.google.android.gms:play-services-gcm:10.2.6] AndroidManifest.xml:21:5-66
MERGED from [com.google.android.gms:play-services-iid:10.2.6] AndroidManifest.xml:21:5-66
MERGED from [com.google.firebase:firebase-analytics:10.2.6] AndroidManifest.xml:20:5-66
MERGED from [com.google.firebase:firebase-analytics-impl:10.2.6] AndroidManifest.xml:20:5-66
MERGED from [com.google.firebase:firebase-iid:10.2.6] AndroidManifest.xml:20:5-66
	android:name
		ADDED from src/main/AndroidManifest.xml:13:22-64
uses-permission#android.permission.ACCESS_COARSE_LOCATION
ADDED from src/main/AndroidManifest.xml:14:5-80
	android:name
		ADDED from src/main/AndroidManifest.xml:14:22-78
uses-permission#android.permission.WRITE_CALENDAR
ADDED from src/main/AndroidManifest.xml:15:5-72
	android:name
		ADDED from src/main/AndroidManifest.xml:15:22-70
uses-permission#android.permission.READ_CALENDAR
ADDED from src/main/AndroidManifest.xml:16:5-71
	android:name
		ADDED from src/main/AndroidManifest.xml:16:22-69
uses-permission#android.permission.VIBRATE
ADDED from src/main/AndroidManifest.xml:17:5-65
	android:name
		ADDED from src/main/AndroidManifest.xml:17:22-63
uses-permission#android.permission.READ_PHONE_STATE
ADDED from src/main/AndroidManifest.xml:18:5-74
	android:name
		ADDED from src/main/AndroidManifest.xml:18:22-72
uses-permission#android.permission.RECEIVE_BOOT_COMPLETED
ADDED from src/main/AndroidManifest.xml:20:5-81
	android:name
		ADDED from src/main/AndroidManifest.xml:20:22-78
uses-permission#android.permission.WRITE_EXTERNAL_STORAGE
ADDED from src/main/AndroidManifest.xml:22:5-80
	android:name
		ADDED from src/main/AndroidManifest.xml:22:22-78
uses-permission#com.google.android.providers.gsf.permission.READ_GSERVICES
ADDED from src/main/AndroidManifest.xml:24:5-97
	android:name
		ADDED from src/main/AndroidManifest.xml:24:22-95
uses-permission#android.permission.ACCESS_FINE_LOCATION
ADDED from src/main/AndroidManifest.xml:25:5-95
	android:name
		ADDED from src/main/AndroidManifest.xml:25:22-76
uses-permission#android.permission.RECORD_AUDIO
ADDED from src/main/AndroidManifest.xml:27:5-87
	android:name
		ADDED from src/main/AndroidManifest.xml:27:22-68
uses-permission#android.permission.SET_WALLPAPER
ADDED from src/main/AndroidManifest.xml:28:5-71
	android:name
		ADDED from src/main/AndroidManifest.xml:28:22-69
uses-permission#com.google.android.c2dm.permission.RECEIVE
ADDED from src/main/AndroidManifest.xml:31:5-32:68
MERGED from [com.google.android.gms:play-services-gcm:10.2.6] AndroidManifest.xml:20:5-81
MERGED from [com.google.android.gms:play-services-iid:10.2.6] AndroidManifest.xml:20:5-81
MERGED from [com.google.firebase:firebase-iid:10.2.6] AndroidManifest.xml:22:5-81
	android:name
		ADDED from src/main/AndroidManifest.xml:32:9-66
uses-permission#android.permission.WAKE_LOCK
ADDED from src/main/AndroidManifest.xml:33:5-34:55
MERGED from [com.google.android.gms:play-services-analytics:10.2.6] AndroidManifest.xml:24:5-67
MERGED from [com.google.android.gms:play-services-analytics-impl:10.2.6] AndroidManifest.xml:24:5-67
MERGED from [com.google.firebase:firebase-analytics:10.2.6] AndroidManifest.xml:22:5-67
MERGED from [com.google.firebase:firebase-analytics-impl:10.2.6] AndroidManifest.xml:22:5-67
MERGED from [com.google.firebase:firebase-iid:10.2.6] AndroidManifest.xml:21:5-67
	android:name
		ADDED from src/main/AndroidManifest.xml:34:9-52
permission#com.sieae.jamaicaobserver.permission.C2D_MESSAGE
ADDED from src/main/AndroidManifest.xml:35:5-37:46
MERGED from [com.google.firebase:firebase-iid:10.2.6] AndroidManifest.xml:24:5-109
	android:protectionLevel
		ADDED from src/main/AndroidManifest.xml:37:9-44
	android:name
		ADDED from src/main/AndroidManifest.xml:36:9-72
uses-permission#com.sieae.jamaicaobserver.permission.C2D_MESSAGE
ADDED from src/main/AndroidManifest.xml:38:5-39:74
MERGED from [com.google.firebase:firebase-iid:10.2.6] AndroidManifest.xml:26:5-78
	android:name
		ADDED from src/main/AndroidManifest.xml:39:9-72
uses-feature#0x00020000
ADDED from src/main/AndroidManifest.xml:42:5-44:35
MERGED from [com.google.android.gms:play-services-maps:10.2.6] AndroidManifest.xml:21:5-77
	android:glEsVersion
		ADDED from src/main/AndroidManifest.xml:43:9-41
	android:required
		ADDED from src/main/AndroidManifest.xml:44:9-32
uses-feature#android.hardware.camera.any
ADDED from src/main/AndroidManifest.xml:47:5-49:35
	android:required
		ADDED from src/main/AndroidManifest.xml:49:9-32
	android:name
		ADDED from src/main/AndroidManifest.xml:48:9-51
uses-feature#android.hardware.camera.autofocus
ADDED from src/main/AndroidManifest.xml:50:5-52:36
	android:required
		ADDED from src/main/AndroidManifest.xml:52:9-33
	android:name
		ADDED from src/main/AndroidManifest.xml:51:9-57
uses-feature#android.hardware.location
ADDED from src/main/AndroidManifest.xml:55:5-57:36
	android:required
		ADDED from src/main/AndroidManifest.xml:57:9-33
	android:name
		ADDED from src/main/AndroidManifest.xml:56:9-49
uses-feature#android.hardware.sensor.accelerometer
ADDED from src/main/AndroidManifest.xml:60:5-62:36
	android:required
		ADDED from src/main/AndroidManifest.xml:62:9-33
	android:name
		ADDED from src/main/AndroidManifest.xml:61:9-61
uses-feature#android.hardware.sensor.compass
ADDED from src/main/AndroidManifest.xml:63:5-65:36
	android:required
		ADDED from src/main/AndroidManifest.xml:65:9-33
	android:name
		ADDED from src/main/AndroidManifest.xml:64:9-55
uses-feature#android.hardware.sensor.gyroscope
ADDED from src/main/AndroidManifest.xml:66:5-68:36
	android:required
		ADDED from src/main/AndroidManifest.xml:68:9-33
	android:name
		ADDED from src/main/AndroidManifest.xml:67:9-57
application
ADDED from src/main/AndroidManifest.xml:70:5-301:19
MERGED from [com.google.android.gms:play-services:10.2.6] AndroidManifest.xml:5:5-20
MERGED from [com.google.android.gms:play-services-ads-lite:10.2.6] AndroidManifest.xml:23:5-27:19
MERGED from [com.google.android.gms:play-services-analytics:10.2.6] AndroidManifest.xml:26:5-19
MERGED from [com.google.android.gms:play-services-appinvite:10.2.6] AndroidManifest.xml:19:5-26:19
MERGED from [com.google.android.gms:play-services-auth:10.2.6] AndroidManifest.xml:19:5-25:19
MERGED from [com.google.android.gms:play-services-cast-framework:10.2.6] AndroidManifest.xml:4:5-8:19
MERGED from [com.google.android.gms:play-services-cast:10.2.6] AndroidManifest.xml:18:5-19
MERGED from [com.android.support:mediarouter-v7:25.2.0] AndroidManifest.xml:22:5-20
MERGED from [com.google.android.gms:play-services-clearcut:10.2.6] AndroidManifest.xml:18:5-19
MERGED from [com.google.firebase:firebase-config:10.2.6] AndroidManifest.xml:18:5-19
MERGED from [com.google.android.gms:play-services-awareness:10.2.6] AndroidManifest.xml:18:5-19
MERGED from [com.google.firebase:firebase-crash:10.2.6] AndroidManifest.xml:22:5-23:19
MERGED from [com.google.firebase:firebase-auth:10.2.6] AndroidManifest.xml:19:5-20:19
MERGED from [com.google.android.gms:play-services-fitness:10.2.6] AndroidManifest.xml:18:5-19
MERGED from [com.google.android.gms:play-services-games:10.2.6] AndroidManifest.xml:18:5-19
MERGED from [com.google.android.gms:play-services-drive:10.2.6] AndroidManifest.xml:18:5-19
MERGED from [com.google.android.gms:play-services-gass:10.2.6] AndroidManifest.xml:4:5-19
MERGED from [com.google.firebase:firebase-appindexing:10.2.6] AndroidManifest.xml:18:5-19
MERGED from [com.google.android.gms:play-services-location:10.2.6] AndroidManifest.xml:4:5-19
MERGED from [com.google.android.gms:play-services-nearby:10.2.6] AndroidManifest.xml:5:5-19
MERGED from [com.google.android.gms:play-services-panorama:10.2.6] AndroidManifest.xml:18:5-19
MERGED from [com.google.android.gms:play-services-places:10.2.6] AndroidManifest.xml:18:5-19
MERGED from [com.google.android.gms:play-services-plus:10.2.6] AndroidManifest.xml:18:5-19
MERGED from [com.google.android.gms:play-services-safetynet:10.2.6] AndroidManifest.xml:18:5-19
MERGED from [com.google.android.gms:play-services-tagmanager-api:10.2.6] AndroidManifest.xml:23:5-33:19
MERGED from [com.google.android.gms:play-services-tagmanager-v4-impl:10.2.6] AndroidManifest.xml:19:5-19
MERGED from [com.google.android.gms:play-services-analytics-impl:10.2.6] AndroidManifest.xml:26:5-19
MERGED from [com.google.android.gms:play-services-vision:10.2.6] AndroidManifest.xml:4:5-19
MERGED from [com.google.android.gms:play-services-identity:10.2.6] AndroidManifest.xml:18:5-19
MERGED from [com.google.android.gms:play-services-maps:10.2.6] AndroidManifest.xml:24:5-19
MERGED from [com.google.android.gms:play-services-wearable:10.2.6] AndroidManifest.xml:18:5-19
MERGED from [com.google.android.gms:play-services-gcm:10.2.6] AndroidManifest.xml:23:5-19
MERGED from [com.google.android.gms:play-services-iid:10.2.6] AndroidManifest.xml:23:5-19
MERGED from [com.google.android.gms:play-services-base:10.2.6] AndroidManifest.xml:18:5-20:19
MERGED from [com.android.support:design:22.2.1] AndroidManifest.xml:22:5-20
MERGED from [com.android.support:appcompat-v7:25.2.0] AndroidManifest.xml:25:5-20
MERGED from [com.android.support:animated-vector-drawable:25.2.0] AndroidManifest.xml:22:5-20
MERGED from [com.android.support:support-vector-drawable:25.2.0] AndroidManifest.xml:23:5-20
MERGED from [com.android.support:cardview-v7:22.2.1] AndroidManifest.xml:22:5-20
MERGED from [com.android.support:palette-v7:25.2.0] AndroidManifest.xml:22:5-23:19
MERGED from [com.google.firebase:firebase-messaging:10.2.6] AndroidManifest.xml:19:5-29:19
MERGED from [com.google.firebase:firebase-core:10.2.6] AndroidManifest.xml:5:5-20
MERGED from [com.google.firebase:firebase-analytics:10.2.6] AndroidManifest.xml:24:5-33:19
MERGED from [com.google.firebase:firebase-analytics-impl:10.2.6] AndroidManifest.xml:24:5-28:19
MERGED from [com.google.firebase:firebase-iid:10.2.6] AndroidManifest.xml:28:5-49:19
MERGED from [com.google.firebase:firebase-common:10.2.6] AndroidManifest.xml:4:5-7:19
MERGED from [com.google.android.gms:play-services-tasks:10.2.6] AndroidManifest.xml:4:5-19
MERGED from [com.google.android.gms:play-services-basement:10.2.6] AndroidManifest.xml:19:5-21:19
MERGED from [com.android.support:support-v4:25.2.0] AndroidManifest.xml:25:5-20
MERGED from [com.android.support:support-fragment:25.2.0] AndroidManifest.xml:25:5-20
MERGED from [com.android.support:support-media-compat:25.2.0] AndroidManifest.xml:25:5-20
MERGED from [com.android.support:support-core-ui:25.2.0] AndroidManifest.xml:25:5-20
MERGED from [com.android.support:support-core-utils:25.2.0] AndroidManifest.xml:25:5-20
MERGED from [com.android.support:support-compat:25.2.0] AndroidManifest.xml:25:5-20
	android:label
		ADDED from src/main/AndroidManifest.xml:74:9-41
	android:hardwareAccelerated
		ADDED from src/main/AndroidManifest.xml:75:9-43
	android:configChanges
		ADDED from src/main/AndroidManifest.xml:76:9-70
	android:allowBackup
		ADDED from src/main/AndroidManifest.xml:77:9-35
	android:icon
		ADDED from src/main/AndroidManifest.xml:72:9-45
	android:theme
		ADDED from src/main/AndroidManifest.xml:73:9-40
	android:name
		ADDED from src/main/AndroidManifest.xml:71:9-61
activity#com.sieae.jamaicaobserver.MainActivity
ADDED from src/main/AndroidManifest.xml:78:9-87:21
	android:label
		ADDED from src/main/AndroidManifest.xml:82:13-45
	android:configChanges
		ADDED from src/main/AndroidManifest.xml:81:13-59
	android:theme
		ADDED from src/main/AndroidManifest.xml:80:13-47
	android:name
		ADDED from src/main/AndroidManifest.xml:79:13-41
intent-filter#android.intent.action.MAIN+android.intent.category.LAUNCHER
ADDED from src/main/AndroidManifest.xml:83:13-86:29
action#android.intent.action.MAIN
ADDED from src/main/AndroidManifest.xml:84:17-69
	android:name
		ADDED from src/main/AndroidManifest.xml:84:25-66
category#android.intent.category.LAUNCHER
ADDED from src/main/AndroidManifest.xml:85:17-77
	android:name
		ADDED from src/main/AndroidManifest.xml:85:27-74
activity#com.sieae.jamaicaobserver.yt.player.YouTubePlayerActivity
ADDED from src/main/AndroidManifest.xml:88:10-91:96
	android:screenOrientation
		ADDED from src/main/AndroidManifest.xml:90:20-54
	android:configChanges
		ADDED from src/main/AndroidManifest.xml:89:20-81
	android:theme
		ADDED from src/main/AndroidManifest.xml:91:20-84
	android:name
		ADDED from src/main/AndroidManifest.xml:88:20-92
activity#com.sieae.jamaicaobserver.rss.ui.RssDetailActivity
ADDED from src/main/AndroidManifest.xml:92:10-100:21
	android:parentActivityName
		ADDED from src/main/AndroidManifest.xml:94:14-56
	android:configChanges
		ADDED from src/main/AndroidManifest.xml:93:14-75
	android:name
		ADDED from src/main/AndroidManifest.xml:92:20-85
meta-data#android.support.PARENT_ACTIVITY
ADDED from src/main/AndroidManifest.xml:96:14-98:50
	android:value
		ADDED from src/main/AndroidManifest.xml:98:18-47
	android:name
		ADDED from src/main/AndroidManifest.xml:97:18-64
activity#com.sieae.jamaicaobserver.yt.ui.VideoDetailActivity
ADDED from src/main/AndroidManifest.xml:104:10-105:78
	android:configChanges
		ADDED from src/main/AndroidManifest.xml:105:20-66
	android:name
		ADDED from src/main/AndroidManifest.xml:104:20-86
activity#com.sieae.jamaicaobserver.twi.ui.TweetDetailActivity
ADDED from src/main/AndroidManifest.xml:106:10-107:78
	android:configChanges
		ADDED from src/main/AndroidManifest.xml:107:20-66
	android:name
		ADDED from src/main/AndroidManifest.xml:106:20-87
activity#com.sieae.jamaicaobserver.wordpress.ui.WordpressDetailActivity
ADDED from src/main/AndroidManifest.xml:108:10-109:78
	android:configChanges
		ADDED from src/main/AndroidManifest.xml:109:20-66
	android:name
		ADDED from src/main/AndroidManifest.xml:108:20-97
activity#com.sieae.jamaicaobserver.tumblr.ui.TumblrPagerActivity
ADDED from src/main/AndroidManifest.xml:110:10-111:77
	android:theme
		ADDED from src/main/AndroidManifest.xml:111:20-73
	android:name
		ADDED from src/main/AndroidManifest.xml:110:20-90
activity#com.sieae.jamaicaobserver.web.WebviewActivity
ADDED from src/main/AndroidManifest.xml:112:10-113:78
	android:configChanges
		ADDED from src/main/AndroidManifest.xml:113:20-66
	android:name
		ADDED from src/main/AndroidManifest.xml:112:20-80
activity#com.sieae.jamaicaobserver.fav.FavRed
ADDED from src/main/AndroidManifest.xml:114:10-116:68
	android:screenOrientation
		ADDED from src/main/AndroidManifest.xml:116:20-56
	android:noHistory
		ADDED from src/main/AndroidManifest.xml:115:18-42
	android:name
		ADDED from src/main/AndroidManifest.xml:114:20-71
activity#com.google.android.gms.ads.AdActivity
ADDED from src/main/AndroidManifest.xml:117:10-119:131
MERGED from [com.google.android.gms:play-services-ads-lite:10.2.6] AndroidManifest.xml:25:9-232
	android:configChanges
		ADDED from src/main/AndroidManifest.xml:119:20-129
	android:theme
		ADDED from src/main/AndroidManifest.xml:118:14-62
	android:name
		ADDED from src/main/AndroidManifest.xml:117:20-72
activity#com.sieae.jamaicaobserver.cartoons.ScaleImageViewActivity
ADDED from src/main/AndroidManifest.xml:127:9-128:86
	android:configChanges
		ADDED from src/main/AndroidManifest.xml:128:13-74
	android:name
		ADDED from src/main/AndroidManifest.xml:127:19-66
service#com.sieae.jamaicaobserver.rss.RssService
ADDED from src/main/AndroidManifest.xml:130:10-132:53
	android:enabled
		ADDED from src/main/AndroidManifest.xml:132:20-42
	android:permission
		ADDED from src/main/AndroidManifest.xml:130:20-68
	android:name
		ADDED from src/main/AndroidManifest.xml:131:20-75
service#com.sieae.jamaicaobserver.media.MediaService
ADDED from src/main/AndroidManifest.xml:134:10-137:40
	android:enabled
		ADDED from src/main/AndroidManifest.xml:136:13-35
	android:exported
		ADDED from src/main/AndroidManifest.xml:137:13-37
	android:name
		ADDED from src/main/AndroidManifest.xml:135:13-72
receiver#com.sieae.jamaicaobserver.rss.ServiceStarter
ADDED from src/main/AndroidManifest.xml:140:10-91
	android:name
		ADDED from src/main/AndroidManifest.xml:140:20-79
receiver#com.sieae.jamaicaobserver.rss.BootReceiver
ADDED from src/main/AndroidManifest.xml:141:10-147:20
	android:enabled
		ADDED from src/main/AndroidManifest.xml:143:20-43
	android:permission
		ADDED from src/main/AndroidManifest.xml:142:20-82
	android:name
		ADDED from src/main/AndroidManifest.xml:141:20-77
intent-filter#android.intent.action.BOOT_COMPLETED
ADDED from src/main/AndroidManifest.xml:144:14-146:29
action#android.intent.action.BOOT_COMPLETED
ADDED from src/main/AndroidManifest.xml:145:21-90
	android:name
		ADDED from src/main/AndroidManifest.xml:145:29-80
meta-data#com.google.android.gms.version
ADDED from src/main/AndroidManifest.xml:149:10-151:67
MERGED from [com.google.android.gms:play-services-basement:10.2.6] AndroidManifest.xml:20:9-121
	android:value
		ADDED from src/main/AndroidManifest.xml:151:11-64
	android:name
		ADDED from src/main/AndroidManifest.xml:150:20-65
meta-data#com.google.android.maps.v2.API_KEY
ADDED from src/main/AndroidManifest.xml:152:10-154:64
	android:value
		ADDED from src/main/AndroidManifest.xml:154:20-62
	android:name
		ADDED from src/main/AndroidManifest.xml:153:20-69
activity#com.sieae.jamaicaobserver.widgets.JamaicaAppWidgetConfigure
ADDED from src/main/AndroidManifest.xml:157:9-161:20
	android:name
		ADDED from src/main/AndroidManifest.xml:157:19-93
intent-filter#android.appwidget.action.APPWIDGET_CONFIGURE
ADDED from src/main/AndroidManifest.xml:158:13-160:29
action#android.appwidget.action.APPWIDGET_CONFIGURE
ADDED from src/main/AndroidManifest.xml:159:17-86
	android:name
		ADDED from src/main/AndroidManifest.xml:159:25-84
service#com.sieae.jamaicaobserver.widgets.RemoteFetchService
ADDED from src/main/AndroidManifest.xml:163:9-88
	android:name
		ADDED from src/main/AndroidManifest.xml:163:18-85
receiver#com.sieae.jamaicaobserver.widgets.WidgetProvider
ADDED from src/main/AndroidManifest.xml:166:9-176:20
	android:name
		ADDED from src/main/AndroidManifest.xml:166:19-82
intent-filter#android.appwidget.action.APPWIDGET_UPDATE+com.sieae.jamaicaobserver.ACTION_TOAST+com.sieae.jamaicaobserver.DATA_FETCHED
ADDED from src/main/AndroidManifest.xml:167:13-171:29
action#android.appwidget.action.APPWIDGET_UPDATE
ADDED from src/main/AndroidManifest.xml:168:17-84
	android:name
		ADDED from src/main/AndroidManifest.xml:168:25-81
action#com.sieae.jamaicaobserver.DATA_FETCHED
ADDED from src/main/AndroidManifest.xml:169:17-81
	android:name
		ADDED from src/main/AndroidManifest.xml:169:25-78
action#com.sieae.jamaicaobserver.ACTION_TOAST
ADDED from src/main/AndroidManifest.xml:170:17-81
	android:name
		ADDED from src/main/AndroidManifest.xml:170:25-78
meta-data#android.appwidget.provider
ADDED from src/main/AndroidManifest.xml:173:13-175:59
	android:resource
		ADDED from src/main/AndroidManifest.xml:175:17-56
	android:name
		ADDED from src/main/AndroidManifest.xml:174:17-58
service#com.sieae.jamaicaobserver.widgets.WidgetService
ADDED from src/main/AndroidManifest.xml:179:9-182:40
	android:exported
		ADDED from src/main/AndroidManifest.xml:182:13-37
	android:permission
		ADDED from src/main/AndroidManifest.xml:181:13-69
	android:name
		ADDED from src/main/AndroidManifest.xml:180:13-75
activity#com.sieae.jamaicaobserver.Vuforia.ui.ActivityList.AboutScreen
ADDED from src/main/AndroidManifest.xml:185:9-190:20
	android:screenOrientation
		ADDED from src/main/AndroidManifest.xml:188:13-50
	android:configChanges
		ADDED from src/main/AndroidManifest.xml:187:13-93
	android:name
		ADDED from src/main/AndroidManifest.xml:186:13-64
activity#com.sieae.jamaicaobserver.Vuforia.app.ARVR.ARVR
ADDED from src/main/AndroidManifest.xml:192:9-199:20
	android:screenOrientation
		ADDED from src/main/AndroidManifest.xml:195:13-50
	android:launchMode
		ADDED from src/main/AndroidManifest.xml:197:13-44
	android:configChanges
		ADDED from src/main/AndroidManifest.xml:194:13-93
	android:theme
		ADDED from src/main/AndroidManifest.xml:196:13-51
	android:name
		ADDED from src/main/AndroidManifest.xml:193:13-75
activity#com.sieae.jamaicaobserver.Vuforia.app.UserDefinedTargets.UserDefinedTargets
ADDED from src/main/AndroidManifest.xml:201:9-207:20
	android:launchMode
		ADDED from src/main/AndroidManifest.xml:205:13-44
	android:configChanges
		ADDED from src/main/AndroidManifest.xml:203:13-93
	android:theme
		ADDED from src/main/AndroidManifest.xml:204:13-51
	android:name
		ADDED from src/main/AndroidManifest.xml:202:13-103
activity#com.sieae.jamaicaobserver.Vuforia.ui.ActivityList.UserDefineTargetAboutScreen
ADDED from src/main/AndroidManifest.xml:209:9-214:20
	android:screenOrientation
		ADDED from src/main/AndroidManifest.xml:212:13-49
	android:configChanges
		ADDED from src/main/AndroidManifest.xml:211:13-93
	android:name
		ADDED from src/main/AndroidManifest.xml:210:13-80
activity#com.sieae.jamaicaobserver.Vuforia.app.ImageTargets.ImageTargets
ADDED from src/main/AndroidManifest.xml:216:9-223:20
	android:screenOrientation